<?xml version="1.0" encoding="UTF-8"?>
<robot generator="Robot 7.3.2 (Python 3.13.5 on win32)" generated="2025-11-19T17:40:28.208315" rpa="false" schemaversion="5">
<suite id="s1" name="Mov System" source="C:\Users\user\Desktop\mov\tests\mov_system.robot">
<test id="s1-t1" name="Cenario: Login com Sucesso e Verificacao do Dashboard" line="10">
<kw name="Abrir Navegador">
<kw name="Open Browser" owner="SeleniumLibrary">
<msg time="2025-11-19T17:40:28.435666" level="INFO">Opening browser 'chrome' to base url 'http://localhost:5173/login'.</msg>
<arg>${URL}/login</arg>
<arg>${BROWSER}</arg>
<doc>Opens a new browser instance to the optional ``url``.</doc>
<status status="PASS" start="2025-11-19T17:40:28.435521" elapsed="1.981271"/>
</kw>
<kw name="Maximize Browser Window" owner="SeleniumLibrary">
<doc>Maximizes current browser window.</doc>
<status status="PASS" start="2025-11-19T17:40:30.416975" elapsed="0.647763"/>
</kw>
<kw name="Set Selenium Speed" owner="SeleniumLibrary">
<arg>${DELAY}</arg>
<doc>Sets the delay that is waited after each Selenium command.</doc>
<status status="PASS" start="2025-11-19T17:40:31.064866" elapsed="0.000199"/>
</kw>
<status status="PASS" start="2025-11-19T17:40:28.435150" elapsed="2.629966"/>
</kw>
<kw name="Fazer Login">
<kw name="Wait Until Page Contains" owner="SeleniumLibrary">
<arg>Login</arg>
<arg>timeout=10s</arg>
<doc>Waits until ``text`` appears on the current page.</doc>
<status status="PASS" start="2025-11-19T17:40:31.065444" elapsed="0.507552"/>
</kw>
<kw name="Input Text" owner="SeleniumLibrary">
<msg time="2025-11-19T17:40:31.573409" level="INFO">Typing text 'admin@mov.com' into text field 'xpath=//input[@type='email']'.</msg>
<arg>xpath=//input[@type='email']</arg>
<arg>admin@mov.com</arg>
<doc>Types the given ``text`` into the text field identified by ``locator``.</doc>
<status status="PASS" start="2025-11-19T17:40:31.573164" elapsed="1.584527"/>
</kw>
<kw name="Input Text" owner="SeleniumLibrary">
<msg time="2025-11-19T17:40:33.157975" level="INFO">Typing text '123' into text field 'xpath=//input[@type='password']'.</msg>
<arg>xpath=//input[@type='password']</arg>
<arg>123</arg>
<doc>Types the given ``text`` into the text field identified by ``locator``.</doc>
<status status="PASS" start="2025-11-19T17:40:33.157832" elapsed="1.540080"/>
</kw>
<kw name="Click Button" owner="SeleniumLibrary">
<msg time="2025-11-19T17:40:34.698203" level="INFO">Clicking button 'xpath=//button[@type='submit']'.</msg>
<arg>xpath=//button[@type='submit']</arg>
<doc>Clicks the button identified by ``locator``.</doc>
<status status="PASS" start="2025-11-19T17:40:34.698056" elapsed="2.600803"/>
</kw>
<status status="PASS" start="2025-11-19T17:40:31.065301" elapsed="6.233653"/>
</kw>
<kw name="Verificar Carregamento do Dashboard">
<kw name="Wait Until Page Contains" owner="SeleniumLibrary">
<arg>Histórico de Eventos</arg>
<arg>timeout=10s</arg>
<doc>Waits until ``text`` appears on the current page.</doc>
<status status="PASS" start="2025-11-19T17:40:37.299327" elapsed="0.507821"/>
</kw>
<kw name="Page Should Contain" owner="SeleniumLibrary">
<msg time="2025-11-19T17:40:38.816277" level="INFO">Current page contains text 'Localizações com Eventos'.</msg>
<arg>Localizações com Eventos</arg>
<doc>Verifies that current page contains ``text``.</doc>
<status status="PASS" start="2025-11-19T17:40:37.807300" elapsed="1.009068"/>
</kw>
<kw name="Page Should Contain" owner="SeleniumLibrary">
<msg time="2025-11-19T17:40:39.825145" level="INFO">Current page contains text 'Detalhamento de Eventos'.</msg>
<arg>Detalhamento de Eventos</arg>
<doc>Verifies that current page contains ``text``.</doc>
<status status="PASS" start="2025-11-19T17:40:38.816491" elapsed="1.008741"/>
</kw>
<status status="PASS" start="2025-11-19T17:40:37.299166" elapsed="2.526137"/>
</kw>
<kw name="Verificar Se Mapa Existe">
<kw name="Wait Until Element Is Visible" owner="SeleniumLibrary">
<arg>class=leaflet-container</arg>
<arg>timeout=5s</arg>
<doc>Waits until the element ``locator`` is visible.</doc>
<status status="PASS" start="2025-11-19T17:40:39.826152" elapsed="1.064999"/>
</kw>
<kw name="Log" owner="BuiltIn">
<msg time="2025-11-19T17:40:40.891379" level="INFO">O mapa foi carregado corretamente.</msg>
<arg>O mapa foi carregado corretamente.</arg>
<doc>Logs the given message with the given level.</doc>
<status status="PASS" start="2025-11-19T17:40:40.891284" elapsed="0.000126"/>
</kw>
<status status="PASS" start="2025-11-19T17:40:39.825990" elapsed="1.065462"/>
</kw>
<kw name="Close Browser" owner="SeleniumLibrary" type="TEARDOWN">
<doc>Closes the current browser.</doc>
<status status="PASS" start="2025-11-19T17:40:40.891978" elapsed="2.578481"/>
</kw>
<doc>Testa o fluxo principal de login e carregamento da home.</doc>
<status status="PASS" start="2025-11-19T17:40:28.434740" elapsed="15.035886"/>
</test>
<status status="PASS" start="2025-11-19T17:40:28.209190" elapsed="15.261959"/>
</suite>
<statistics>
<total>
<stat pass="1" fail="0" skip="0">All Tests</stat>
</total>
<tag>
</tag>
<suite>
<stat name="Mov System" id="s1" pass="1" fail="0" skip="0">Mov System</stat>
</suite>
</statistics>
<errors>
</errors>
</robot>
